#
# A fatal error has been detected by the Java Runtime Environment:
#
#  EXCEPTION_ACCESS_VIOLATION (0xc0000005) at pc=0x00007ff94e563936, pid=20328, tid=13628
#
# JRE version: Java(TM) SE Runtime Environment 18.9 (11.0.7+8) (build 11.0.7+8-LTS)
# Java VM: Java HotSpot(TM) 64-Bit Server VM 18.9 (11.0.7+8-LTS, mixed mode, tiered, compressed oops, g1 gc, windows-amd64)
# Problematic frame:
# V  [jvm.dll+0x6f3936]
#
# No core dump will be written. Minidumps are not enabled by default on client versions of Windows
#
# If you would like to submit a bug report, please visit:
#   https://bugreport.java.com/bugreport/crash.jsp
#

---------------  S U M M A R Y ------------

Command Line: -Dcom.sun.management.jmxremote -Dcom.sun.management.jmxremote.port=53409 -Dcom.sun.management.jmxremote.authenticate=false -Dcom.sun.management.jmxremote.ssl=false -Djava.rmi.server.hostname=localhost -Dspring.jmx.enabled=true -Dspring.application.admin.enabled=true -Xverify:none -XX:TieredStopAtLevel=1 -Dspring.boot.project.name=CursoSpring -Dfile.encoding=UTF-8 com.mendes.cursospring.CursoSpringApplication --spring.output.ansi.enabled=always

Host: Intel(R) Core(TM) i5-4670 CPU @ 3.40GHz, 4 cores, 7G,  Windows 10 , 64 bit Build 19041 (10.0.19041.928)
Time: Fri Apr 16 11:27:06 2021 Hora oficial do Brasil elapsed time: 2 seconds (0d 0h 0m 2s)

---------------  T H R E A D  ---------------

Current thread (0x000001773e0fe000):  WatcherThread [stack: 0x0000002170500000,0x0000002170600000] [id=13628]

Stack: [0x0000002170500000,0x0000002170600000],  sp=0x00000021705ffb70,  free space=1022k
Native frames: (J=compiled Java code, j=interpreted, Vv=VM code, C=native code)
V  [jvm.dll+0x6f3936]
V  [jvm.dll+0x73fc7d]
V  [jvm.dll+0x765fe9]
V  [jvm.dll+0x75e875]
V  [jvm.dll+0x660b26]
C  [ucrtbase.dll+0x21bb2]
C  [KERNEL32.DLL+0x17034]
C  [ntdll.dll+0x52651]


siginfo: EXCEPTION_ACCESS_VIOLATION (0xc0000005), reading address 0x0000000800000007


Register to memory mapping:

RIP=0x00007ff94e563936 jvm.dll
RAX=0x0000000800000007 is an unknown value
RBX=0x0 is NULL
RCX=0x000001773e0ee9c0 points into unknown readable memory: e8 4a 77 4e f9 7f 00 00
RDX=0x0000000000000033 is an unknown value
RSP=0x00000021705ffb70 points into unknown readable memory: 00 e0 0f 3e 77 01 00 00
RBP=0x0000000000000002 is an unknown value
RSI=0x000001771bf88060 points into unknown readable memory: 07 00 00 00 08 00 00 00
RDI=0x0000000000000001 is an unknown value
R8 =0x0 is NULL
R9 =0x0000017726450b80 is at begin+0 in a stub
StubRoutines::atomic_cmpxchg_long [0x0000017726450b80, 0x0000017726450b89[ (9 bytes)
R10=0x00000000546c6148 is an unknown value
R11=0xfffffffff953cdab is an unknown value
R12=0x0 is NULL
R13=0x000001773e0fe000 points into unknown readable memory: 18 92 77 4e f9 7f 00 00
R14=0x0000000000000033 is an unknown value
R15=0x000001773d0230a0 points into unknown readable memory: 00 00 00 00 00 00 00 00


Registers:
RAX=0x0000000800000007, RBX=0x0000000000000000, RCX=0x000001773e0ee9c0, RDX=0x0000000000000033
RSP=0x00000021705ffb70, RBP=0x0000000000000002, RSI=0x000001771bf88060, RDI=0x0000000000000001
R8 =0x0000000000000000, R9 =0x0000017726450b80, R10=0x00000000546c6148, R11=0xfffffffff953cdab
R12=0x0000000000000000, R13=0x000001773e0fe000, R14=0x0000000000000033, R15=0x000001773d0230a0
RIP=0x00007ff94e563936, EFLAGS=0x0000000000010246

Top of Stack: (sp=0x00000021705ffb70)
0x00000021705ffb70:   000001773e0fe000 000001773e0fe000
0x00000021705ffb80:   000006806e76e450 00007ff94e4a42d9
0x00000021705ffb90:   00007ff94e91abc8 00007ff94e5afc7d
0x00000021705ffba0:   000001771e0c2a80 000001771e0c2a80
0x00000021705ffbb0:   000001771e0c2a80 431bde82d7b634db
0x00000021705ffbc0:   000001773d0230a0 000006806e76e450
0x00000021705ffbd0:   000001771e0c2a80 00007ff94e5d5fe9
0x00000021705ffbe0:   0000000000000001 0000000000000033
0x00000021705ffbf0:   0000000000000032 0000000000000002
0x00000021705ffc00:   0000000000000000 0000000000000000
0x00000021705ffc10:   0000000000000000 0000000000000000
0x00000021705ffc20:   0000000000000000 0000000000000000
0x00000021705ffc30:   0000000000000000 0000000000000000
0x00000021705ffc40:   000001773e0fe000 0000000000000000
0x00000021705ffc50:   0000000000100000 00000021705ffea0
0x00000021705ffc60:   0000002170500000 00007ff94e5ce875 

Instructions: (pc=0x00007ff94e563936)
0x00007ff94e563916:   cc cc cc cc cc cc cc cc cc cc 48 89 5c 24 10 56
0x00007ff94e563926:   48 83 ec 20 48 8b 35 67 23 3b 00 33 db 48 8b 06
0x00007ff94e563936:   39 18 7e 27 48 89 7c 24 30 8b fb 48 8b 40 18 48
0x00007ff94e563946:   8b 0c 07 48 8b 01 ff 50 08 48 8b 06 48 8d 7f 08 


Stack slot to memory mapping:
stack at sp + 0 slots: 0x000001773e0fe000 points into unknown readable memory: 18 92 77 4e f9 7f 00 00
stack at sp + 1 slots: 0x000001773e0fe000 points into unknown readable memory: 18 92 77 4e f9 7f 00 00
stack at sp + 2 slots: 0x000006806e76e450 is an unknown value
stack at sp + 3 slots: 0x00007ff94e4a42d9 jvm.dll
stack at sp + 4 slots: 0x00007ff94e91abc8 jvm.dll
stack at sp + 5 slots: 0x00007ff94e5afc7d jvm.dll
stack at sp + 6 slots: 0x000001771e0c2a80 points into unknown readable memory: 01 00 00 00 00 00 00 00
stack at sp + 7 slots: 0x000001771e0c2a80 points into unknown readable memory: 01 00 00 00 00 00 00 00


---------------  P R O C E S S  ---------------

Threads class SMR info:
_java_thread_list=0x000001773e058b80, length=12, elements={
0x000001771e0c4800, 0x000001773ccec800, 0x000001773ccf8800, 0x000001773cd48800,
0x000001773cd49800, 0x000001773cd4d000, 0x000001773cd5b000, 0x000001773c484000,
0x000001773cfa5800, 0x000001773e042800, 0x000001773e05d800, 0x000001773e05f800
}

Java Threads: ( => current thread )
  0x000001771e0c4800 JavaThread "main" [_thread_in_Java, id=12468, stack(0x000000216f100000,0x000000216f200000)]
  0x000001773ccec800 JavaThread "Reference Handler" daemon [_thread_blocked, id=11992, stack(0x000000216f800000,0x000000216f900000)]
  0x000001773ccf8800 JavaThread "Finalizer" daemon [_thread_blocked, id=13908, stack(0x000000216f900000,0x000000216fa00000)]
  0x000001773cd48800 JavaThread "Signal Dispatcher" daemon [_thread_blocked, id=17916, stack(0x000000216fa00000,0x000000216fb00000)]
  0x000001773cd49800 JavaThread "Attach Listener" daemon [_thread_blocked, id=14200, stack(0x000000216fb00000,0x000000216fc00000)]
  0x000001773cd4d000 JavaThread "C1 CompilerThread0" daemon [_thread_in_vm, id=11148, stack(0x000000216fc00000,0x000000216fd00000)]
  0x000001773cd5b000 JavaThread "Sweeper thread" daemon [_thread_blocked, id=2248, stack(0x000000216fd00000,0x000000216fe00000)]
  0x000001773c484000 JavaThread "Common-Cleaner" daemon [_thread_blocked, id=12440, stack(0x000000216fe00000,0x000000216ff00000)]
  0x000001773cfa5800 JavaThread "Service Thread" daemon [_thread_blocked, id=14348, stack(0x000000216ff00000,0x0000002170000000)]
  0x000001773e042800 JavaThread "RMI TCP Accept-0" daemon [_thread_in_native, id=1192, stack(0x0000002170200000,0x0000002170300000)]
  0x000001773e05d800 JavaThread "RMI TCP Accept-53409" daemon [_thread_in_native, id=2512, stack(0x0000002170300000,0x0000002170400000)]
  0x000001773e05f800 JavaThread "RMI TCP Accept-0" daemon [_thread_in_native, id=6944, stack(0x0000002170400000,0x0000002170500000)]

Other Threads:
  0x000001773ccc9000 VMThread "VM Thread" [stack: 0x000000216f700000,0x000000216f800000] [id=18908]
=>0x000001773e0fe000 WatcherThread [stack: 0x0000002170500000,0x0000002170600000] [id=13628]
  0x000001771e0d7800 GCTaskThread "GC Thread#0" [stack: 0x000000216f200000,0x000000216f300000] [id=9332]
  0x000001773d9d8800 GCTaskThread "GC Thread#1" [stack: 0x0000002170000000,0x0000002170100000] [id=18864]
  0x000001773d9d9000 GCTaskThread "GC Thread#2" [stack: 0x0000002170100000,0x0000002170200000] [id=5536]
  0x000001771e10a800 ConcurrentGCThread "G1 Main Marker" [stack: 0x000000216f300000,0x000000216f400000] [id=14680]
  0x000001771e10b800 ConcurrentGCThread "G1 Conc#0" [stack: 0x000000216f400000,0x000000216f500000] [id=13884]
  0x000001773c329800 ConcurrentGCThread "G1 Refine#0" [stack: 0x000000216f500000,0x000000216f600000] [id=20864]
  0x000001773c32d800 ConcurrentGCThread "G1 Young RemSet Sampling" [stack: 0x000000216f600000,0x000000216f700000] [id=10612]

Threads with active compile tasks:
C1 CompilerThread01126       1       java.util.zip.ZipEntry::<init> (74 bytes)

VM state:not at safepoint (normal execution)

VM Mutex/Monitor currently owned by a thread:  ([mutex/lock_event])
[0x000001771e0c2a80] PeriodicTask_lock - owner thread: 0x000001773e0fe000

Heap address: 0x0000000081e00000, size: 2018 MB, Compressed Oops mode: 32-bit
Narrow klass base: 0x0000000000000000, Narrow klass shift: 3
Compressed class space size: 1073741824 Address: 0x0000000100000000

Heap:
 garbage-first heap   total 131072K, used 29856K [0x0000000081e00000, 0x0000000100000000)
  region size 1024K, 13 young (13312K), 2 survivors (2048K)
 Metaspace       used 13010K, capacity 13365K, committed 13568K, reserved 1060864K
  class space    used 1358K, capacity 1502K, committed 1536K, reserved 1048576K
Heap Regions: E=young(eden), S=young(survivor), O=old, HS=humongous(starts), HC=humongous(continues), CS=collection set, F=free, A=archive, TAMS=top-at-mark-start (previous, next)
|   0|0x0000000081e00000, 0x0000000081f00000, 0x0000000081f00000|100%|HS|  |TAMS 0x0000000081e00000, 0x0000000081e00000| Complete 
|   1|0x0000000081f00000, 0x0000000082000000, 0x0000000082000000|100%| O|  |TAMS 0x0000000081f00000, 0x0000000081f00000| Untracked 
|   2|0x0000000082000000, 0x0000000082100000, 0x0000000082100000|100%| O|  |TAMS 0x0000000082000000, 0x0000000082000000| Untracked 
|   3|0x0000000082100000, 0x0000000082200000, 0x0000000082200000|100%| O|  |TAMS 0x0000000082100000, 0x0000000082100000| Untracked 
|   4|0x0000000082200000, 0x0000000082300000, 0x0000000082300000|100%| O|  |TAMS 0x0000000082200000, 0x0000000082200000| Untracked 
|   5|0x0000000082300000, 0x0000000082400000, 0x0000000082400000|100%| O|  |TAMS 0x0000000082300000, 0x0000000082300000| Untracked 
|   6|0x0000000082400000, 0x0000000082500000, 0x0000000082500000|100%| O|  |TAMS 0x0000000082400000, 0x0000000082400000| Untracked 
|   7|0x0000000082500000, 0x0000000082600000, 0x0000000082600000|100%| O|  |TAMS 0x0000000082500000, 0x0000000082500000| Untracked 
|   8|0x0000000082600000, 0x0000000082700000, 0x0000000082700000|100%| O|  |TAMS 0x0000000082600000, 0x0000000082600000| Untracked 
|   9|0x0000000082700000, 0x0000000082800000, 0x0000000082800000|100%| O|  |TAMS 0x0000000082700000, 0x0000000082700000| Untracked 
|  10|0x0000000082800000, 0x0000000082900000, 0x0000000082900000|100%| O|  |TAMS 0x0000000082800000, 0x0000000082800000| Untracked 
|  11|0x0000000082900000, 0x0000000082a00000, 0x0000000082a00000|100%| O|  |TAMS 0x0000000082900000, 0x0000000082900000| Untracked 
|  12|0x0000000082a00000, 0x0000000082b00000, 0x0000000082b00000|100%| O|  |TAMS 0x0000000082a00000, 0x0000000082a00000| Untracked 
|  13|0x0000000082b00000, 0x0000000082c00000, 0x0000000082c00000|100%| O|  |TAMS 0x0000000082b00000, 0x0000000082b00000| Untracked 
|  14|0x0000000082c00000, 0x0000000082d00000, 0x0000000082d00000|100%| O|  |TAMS 0x0000000082c00000, 0x0000000082c00000| Untracked 
|  15|0x0000000082d00000, 0x0000000082e00000, 0x0000000082e00000|100%| O|  |TAMS 0x0000000082d00000, 0x0000000082d00000| Untracked 
|  16|0x0000000082e00000, 0x0000000082f00000, 0x0000000082f00000|100%| O|  |TAMS 0x0000000082e00000, 0x0000000082e00000| Untracked 
|  17|0x0000000082f00000, 0x0000000082f28000, 0x0000000083000000| 15%| O|  |TAMS 0x0000000082f00000, 0x0000000082f00000| Untracked 
|  18|0x0000000083000000, 0x0000000083000000, 0x0000000083100000|  0%| F|  |TAMS 0x0000000083000000, 0x0000000083000000| Untracked 
|  19|0x0000000083100000, 0x0000000083100000, 0x0000000083200000|  0%| F|  |TAMS 0x0000000083100000, 0x0000000083100000| Untracked 
|  20|0x0000000083200000, 0x0000000083200000, 0x0000000083300000|  0%| F|  |TAMS 0x0000000083200000, 0x0000000083200000| Untracked 
|  21|0x0000000083300000, 0x0000000083300000, 0x0000000083400000|  0%| F|  |TAMS 0x0000000083300000, 0x0000000083300000| Untracked 
|  22|0x0000000083400000, 0x0000000083400000, 0x0000000083500000|  0%| F|  |TAMS 0x0000000083400000, 0x0000000083400000| Untracked 
|  23|0x0000000083500000, 0x0000000083500000, 0x0000000083600000|  0%| F|  |TAMS 0x0000000083500000, 0x0000000083500000| Untracked 
|  24|0x0000000083600000, 0x0000000083600000, 0x0000000083700000|  0%| F|  |TAMS 0x0000000083600000, 0x0000000083600000| Untracked 
|  25|0x0000000083700000, 0x0000000083700000, 0x0000000083800000|  0%| F|  |TAMS 0x0000000083700000, 0x0000000083700000| Untracked 
|  26|0x0000000083800000, 0x0000000083800000, 0x0000000083900000|  0%| F|  |TAMS 0x0000000083800000, 0x0000000083800000| Untracked 
|  27|0x0000000083900000, 0x0000000083900000, 0x0000000083a00000|  0%| F|  |TAMS 0x0000000083900000, 0x0000000083900000| Untracked 
|  28|0x0000000083a00000, 0x0000000083a00000, 0x0000000083b00000|  0%| F|  |TAMS 0x0000000083a00000, 0x0000000083a00000| Untracked 
|  29|0x0000000083b00000, 0x0000000083b00000, 0x0000000083c00000|  0%| F|  |TAMS 0x0000000083b00000, 0x0000000083b00000| Untracked 
|  30|0x0000000083c00000, 0x0000000083c00000, 0x0000000083d00000|  0%| F|  |TAMS 0x0000000083c00000, 0x0000000083c00000| Untracked 
|  31|0x0000000083d00000, 0x0000000083d00000, 0x0000000083e00000|  0%| F|  |TAMS 0x0000000083d00000, 0x0000000083d00000| Untracked 
|  32|0x0000000083e00000, 0x0000000083e00000, 0x0000000083f00000|  0%| F|  |TAMS 0x0000000083e00000, 0x0000000083e00000| Untracked 
|  33|0x0000000083f00000, 0x0000000083f00000, 0x0000000084000000|  0%| F|  |TAMS 0x0000000083f00000, 0x0000000083f00000| Untracked 
|  34|0x0000000084000000, 0x0000000084000000, 0x0000000084100000|  0%| F|  |TAMS 0x0000000084000000, 0x0000000084000000| Untracked 
|  35|0x0000000084100000, 0x0000000084100000, 0x0000000084200000|  0%| F|  |TAMS 0x0000000084100000, 0x0000000084100000| Untracked 
|  36|0x0000000084200000, 0x0000000084200000, 0x0000000084300000|  0%| F|  |TAMS 0x0000000084200000, 0x0000000084200000| Untracked 
|  37|0x0000000084300000, 0x0000000084300000, 0x0000000084400000|  0%| F|  |TAMS 0x0000000084300000, 0x0000000084300000| Untracked 
|  38|0x0000000084400000, 0x0000000084400000, 0x0000000084500000|  0%| F|  |TAMS 0x0000000084400000, 0x0000000084400000| Untracked 
|  39|0x0000000084500000, 0x0000000084500000, 0x0000000084600000|  0%| F|  |TAMS 0x0000000084500000, 0x0000000084500000| Untracked 
|  40|0x0000000084600000, 0x0000000084600000, 0x0000000084700000|  0%| F|  |TAMS 0x0000000084600000, 0x0000000084600000| Untracked 
|  41|0x0000000084700000, 0x0000000084700000, 0x0000000084800000|  0%| F|  |TAMS 0x0000000084700000, 0x0000000084700000| Untracked 
|  42|0x0000000084800000, 0x0000000084800000, 0x0000000084900000|  0%| F|  |TAMS 0x0000000084800000, 0x0000000084800000| Untracked 
|  43|0x0000000084900000, 0x0000000084900000, 0x0000000084a00000|  0%| F|  |TAMS 0x0000000084900000, 0x0000000084900000| Untracked 
|  44|0x0000000084a00000, 0x0000000084a00000, 0x0000000084b00000|  0%| F|  |TAMS 0x0000000084a00000, 0x0000000084a00000| Untracked 
|  45|0x0000000084b00000, 0x0000000084b00000, 0x0000000084c00000|  0%| F|  |TAMS 0x0000000084b00000, 0x0000000084b00000| Untracked 
|  46|0x0000000084c00000, 0x0000000084c00000, 0x0000000084d00000|  0%| F|  |TAMS 0x0000000084c00000, 0x0000000084c00000| Untracked 
|  47|0x0000000084d00000, 0x0000000084d00000, 0x0000000084e00000|  0%| F|  |TAMS 0x0000000084d00000, 0x0000000084d00000| Untracked 
|  48|0x0000000084e00000, 0x0000000084e00000, 0x0000000084f00000|  0%| F|  |TAMS 0x0000000084e00000, 0x0000000084e00000| Untracked 
|  49|0x0000000084f00000, 0x0000000084f00000, 0x0000000085000000|  0%| F|  |TAMS 0x0000000084f00000, 0x0000000084f00000| Untracked 
|  50|0x0000000085000000, 0x0000000085000000, 0x0000000085100000|  0%| F|  |TAMS 0x0000000085000000, 0x0000000085000000| Untracked 
|  51|0x0000000085100000, 0x0000000085100000, 0x0000000085200000|  0%| F|  |TAMS 0x0000000085100000, 0x0000000085100000| Untracked 
|  52|0x0000000085200000, 0x0000000085200000, 0x0000000085300000|  0%| F|  |TAMS 0x0000000085200000, 0x0000000085200000| Untracked 
|  53|0x0000000085300000, 0x0000000085300000, 0x0000000085400000|  0%| F|  |TAMS 0x0000000085300000, 0x0000000085300000| Untracked 
|  54|0x0000000085400000, 0x0000000085400000, 0x0000000085500000|  0%| F|  |TAMS 0x0000000085400000, 0x0000000085400000| Untracked 
|  55|0x0000000085500000, 0x0000000085500000, 0x0000000085600000|  0%| F|  |TAMS 0x0000000085500000, 0x0000000085500000| Untracked 
|  56|0x0000000085600000, 0x0000000085600000, 0x0000000085700000|  0%| F|  |TAMS 0x0000000085600000, 0x0000000085600000| Untracked 
|  57|0x0000000085700000, 0x0000000085700000, 0x0000000085800000|  0%| F|  |TAMS 0x0000000085700000, 0x0000000085700000| Untracked 
|  58|0x0000000085800000, 0x0000000085800000, 0x0000000085900000|  0%| F|  |TAMS 0x0000000085800000, 0x0000000085800000| Untracked 
|  59|0x0000000085900000, 0x0000000085900000, 0x0000000085a00000|  0%| F|  |TAMS 0x0000000085900000, 0x0000000085900000| Untracked 
|  60|0x0000000085a00000, 0x0000000085a00000, 0x0000000085b00000|  0%| F|  |TAMS 0x0000000085a00000, 0x0000000085a00000| Untracked 
|  61|0x0000000085b00000, 0x0000000085b00000, 0x0000000085c00000|  0%| F|  |TAMS 0x0000000085b00000, 0x0000000085b00000| Untracked 
|  62|0x0000000085c00000, 0x0000000085c00000, 0x0000000085d00000|  0%| F|  |TAMS 0x0000000085c00000, 0x0000000085c00000| Untracked 
|  63|0x0000000085d00000, 0x0000000085d00000, 0x0000000085e00000|  0%| F|  |TAMS 0x0000000085d00000, 0x0000000085d00000| Untracked 
|  64|0x0000000085e00000, 0x0000000085e00000, 0x0000000085f00000|  0%| F|  |TAMS 0x0000000085e00000, 0x0000000085e00000| Untracked 
|  65|0x0000000085f00000, 0x0000000085f00000, 0x0000000086000000|  0%| F|  |TAMS 0x0000000085f00000, 0x0000000085f00000| Untracked 
|  66|0x0000000086000000, 0x0000000086000000, 0x0000000086100000|  0%| F|  |TAMS 0x0000000086000000, 0x0000000086000000| Untracked 
|  67|0x0000000086100000, 0x0000000086100000, 0x0000000086200000|  0%| F|  |TAMS 0x0000000086100000, 0x0000000086100000| Untracked 
|  68|0x0000000086200000, 0x0000000086200000, 0x0000000086300000|  0%| F|  |TAMS 0x0000000086200000, 0x0000000086200000| Untracked 
|  69|0x0000000086300000, 0x0000000086300000, 0x0000000086400000|  0%| F|  |TAMS 0x0000000086300000, 0x0000000086300000| Untracked 
|  70|0x0000000086400000, 0x0000000086400000, 0x0000000086500000|  0%| F|  |TAMS 0x0000000086400000, 0x0000000086400000| Untracked 
|  71|0x0000000086500000, 0x0000000086500000, 0x0000000086600000|  0%| F|  |TAMS 0x0000000086500000, 0x0000000086500000| Untracked 
|  72|0x0000000086600000, 0x0000000086600000, 0x0000000086700000|  0%| F|  |TAMS 0x0000000086600000, 0x0000000086600000| Untracked 
|  73|0x0000000086700000, 0x0000000086700000, 0x0000000086800000|  0%| F|  |TAMS 0x0000000086700000, 0x0000000086700000| Untracked 
|  74|0x0000000086800000, 0x0000000086800000, 0x0000000086900000|  0%| F|  |TAMS 0x0000000086800000, 0x0000000086800000| Untracked 
|  75|0x0000000086900000, 0x0000000086900000, 0x0000000086a00000|  0%| F|  |TAMS 0x0000000086900000, 0x0000000086900000| Untracked 
|  76|0x0000000086a00000, 0x0000000086a00000, 0x0000000086b00000|  0%| F|  |TAMS 0x0000000086a00000, 0x0000000086a00000| Untracked 
|  77|0x0000000086b00000, 0x0000000086b00000, 0x0000000086c00000|  0%| F|  |TAMS 0x0000000086b00000, 0x0000000086b00000| Untracked 
|  78|0x0000000086c00000, 0x0000000086c00000, 0x0000000086d00000|  0%| F|  |TAMS 0x0000000086c00000, 0x0000000086c00000| Untracked 
|  79|0x0000000086d00000, 0x0000000086d00000, 0x0000000086e00000|  0%| F|  |TAMS 0x0000000086d00000, 0x0000000086d00000| Untracked 
|  80|0x0000000086e00000, 0x0000000086e00000, 0x0000000086f00000|  0%| F|  |TAMS 0x0000000086e00000, 0x0000000086e00000| Untracked 
|  81|0x0000000086f00000, 0x0000000086f00000, 0x0000000087000000|  0%| F|  |TAMS 0x0000000086f00000, 0x0000000086f00000| Untracked 
|  82|0x0000000087000000, 0x0000000087000000, 0x0000000087100000|  0%| F|  |TAMS 0x0000000087000000, 0x0000000087000000| Untracked 
|  83|0x0000000087100000, 0x0000000087100000, 0x0000000087200000|  0%| F|  |TAMS 0x0000000087100000, 0x0000000087100000| Untracked 
|  84|0x0000000087200000, 0x0000000087200000, 0x0000000087300000|  0%| F|  |TAMS 0x0000000087200000, 0x0000000087200000| Untracked 
|  85|0x0000000087300000, 0x0000000087300000, 0x0000000087400000|  0%| F|  |TAMS 0x0000000087300000, 0x0000000087300000| Untracked 
|  86|0x0000000087400000, 0x0000000087400000, 0x0000000087500000|  0%| F|  |TAMS 0x0000000087400000, 0x0000000087400000| Untracked 
|  87|0x0000000087500000, 0x0000000087500000, 0x0000000087600000|  0%| F|  |TAMS 0x0000000087500000, 0x0000000087500000| Untracked 
|  88|0x0000000087600000, 0x0000000087600000, 0x0000000087700000|  0%| F|  |TAMS 0x0000000087600000, 0x0000000087600000| Untracked 
|  89|0x0000000087700000, 0x0000000087700000, 0x0000000087800000|  0%| F|  |TAMS 0x0000000087700000, 0x0000000087700000| Untracked 
|  90|0x0000000087800000, 0x0000000087800000, 0x0000000087900000|  0%| F|  |TAMS 0x0000000087800000, 0x0000000087800000| Untracked 
|  91|0x0000000087900000, 0x0000000087900000, 0x0000000087a00000|  0%| F|  |TAMS 0x0000000087900000, 0x0000000087900000| Untracked 
|  92|0x0000000087a00000, 0x0000000087a00000, 0x0000000087b00000|  0%| F|  |TAMS 0x0000000087a00000, 0x0000000087a00000| Untracked 
|  93|0x0000000087b00000, 0x0000000087b00000, 0x0000000087c00000|  0%| F|  |TAMS 0x0000000087b00000, 0x0000000087b00000| Untracked 
|  94|0x0000000087c00000, 0x0000000087c00000, 0x0000000087d00000|  0%| F|  |TAMS 0x0000000087c00000, 0x0000000087c00000| Untracked 
|  95|0x0000000087d00000, 0x0000000087d00000, 0x0000000087e00000|  0%| F|  |TAMS 0x0000000087d00000, 0x0000000087d00000| Untracked 
|  96|0x0000000087e00000, 0x0000000087e00000, 0x0000000087f00000|  0%| F|  |TAMS 0x0000000087e00000, 0x0000000087e00000| Untracked 
|  97|0x0000000087f00000, 0x0000000087f00000, 0x0000000088000000|  0%| F|  |TAMS 0x0000000087f00000, 0x0000000087f00000| Untracked 
|  98|0x0000000088000000, 0x0000000088000000, 0x0000000088100000|  0%| F|  |TAMS 0x0000000088000000, 0x0000000088000000| Untracked 
|  99|0x0000000088100000, 0x0000000088100000, 0x0000000088200000|  0%| F|  |TAMS 0x0000000088100000, 0x0000000088100000| Untracked 
| 100|0x0000000088200000, 0x0000000088200000, 0x0000000088300000|  0%| F|  |TAMS 0x0000000088200000, 0x0000000088200000| Untracked 
| 101|0x0000000088300000, 0x0000000088300000, 0x0000000088400000|  0%| F|  |TAMS 0x0000000088300000, 0x0000000088300000| Untracked 
| 102|0x0000000088400000, 0x0000000088400000, 0x0000000088500000|  0%| F|  |TAMS 0x0000000088400000, 0x0000000088400000| Untracked 
| 103|0x0000000088500000, 0x0000000088500000, 0x0000000088600000|  0%| F|  |TAMS 0x0000000088500000, 0x0000000088500000| Untracked 
| 104|0x0000000088600000, 0x0000000088600000, 0x0000000088700000|  0%| F|  |TAMS 0x0000000088600000, 0x0000000088600000| Untracked 
| 105|0x0000000088700000, 0x0000000088700000, 0x0000000088800000|  0%| F|  |TAMS 0x0000000088700000, 0x0000000088700000| Untracked 
| 106|0x0000000088800000, 0x0000000088800000, 0x0000000088900000|  0%| F|  |TAMS 0x0000000088800000, 0x0000000088800000| Untracked 
| 107|0x0000000088900000, 0x0000000088900000, 0x0000000088a00000|  0%| F|  |TAMS 0x0000000088900000, 0x0000000088900000| Untracked 
| 108|0x0000000088a00000, 0x0000000088a00000, 0x0000000088b00000|  0%| F|  |TAMS 0x0000000088a00000, 0x0000000088a00000| Untracked 
| 109|0x0000000088b00000, 0x0000000088b00000, 0x0000000088c00000|  0%| F|  |TAMS 0x0000000088b00000, 0x0000000088b00000| Untracked 
| 110|0x0000000088c00000, 0x0000000088c00000, 0x0000000088d00000|  0%| F|  |TAMS 0x0000000088c00000, 0x0000000088c00000| Untracked 
| 111|0x0000000088d00000, 0x0000000088d00000, 0x0000000088e00000|  0%| F|  |TAMS 0x0000000088d00000, 0x0000000088d00000| Untracked 
| 112|0x0000000088e00000, 0x0000000088e00000, 0x0000000088f00000|  0%| F|  |TAMS 0x0000000088e00000, 0x0000000088e00000| Untracked 
| 113|0x0000000088f00000, 0x0000000088f00000, 0x0000000089000000|  0%| F|  |TAMS 0x0000000088f00000, 0x0000000088f00000| Untracked 
| 114|0x0000000089000000, 0x0000000089000000, 0x0000000089100000|  0%| F|  |TAMS 0x0000000089000000, 0x0000000089000000| Untracked 
| 115|0x0000000089100000, 0x0000000089198760, 0x0000000089200000| 59%| E|  |TAMS 0x0000000089100000, 0x0000000089100000| Complete 
| 116|0x0000000089200000, 0x0000000089300000, 0x0000000089300000|100%| E|CS|TAMS 0x0000000089200000, 0x0000000089200000| Complete 
| 117|0x0000000089300000, 0x0000000089400000, 0x0000000089400000|100%| E|CS|TAMS 0x0000000089300000, 0x0000000089300000| Complete 
| 118|0x0000000089400000, 0x0000000089500000, 0x0000000089500000|100%| S|CS|TAMS 0x0000000089400000, 0x0000000089400000| Complete 
| 119|0x0000000089500000, 0x0000000089600000, 0x0000000089600000|100%| S|CS|TAMS 0x0000000089500000, 0x0000000089500000| Complete 
| 120|0x0000000089600000, 0x0000000089700000, 0x0000000089700000|100%| E|CS|TAMS 0x0000000089600000, 0x0000000089600000| Complete 
| 121|0x0000000089700000, 0x0000000089800000, 0x0000000089800000|100%| E|CS|TAMS 0x0000000089700000, 0x0000000089700000| Complete 
| 122|0x0000000089800000, 0x0000000089900000, 0x0000000089900000|100%| E|CS|TAMS 0x0000000089800000, 0x0000000089800000| Complete 
| 123|0x0000000089900000, 0x0000000089a00000, 0x0000000089a00000|100%| E|CS|TAMS 0x0000000089900000, 0x0000000089900000| Complete 
| 124|0x0000000089a00000, 0x0000000089b00000, 0x0000000089b00000|100%| E|CS|TAMS 0x0000000089a00000, 0x0000000089a00000| Complete 
| 125|0x0000000089b00000, 0x0000000089c00000, 0x0000000089c00000|100%| E|CS|TAMS 0x0000000089b00000, 0x0000000089b00000| Complete 
| 126|0x0000000089c00000, 0x0000000089d00000, 0x0000000089d00000|100%| E|CS|TAMS 0x0000000089c00000, 0x0000000089c00000| Complete 
| 127|0x0000000089d00000, 0x0000000089e00000, 0x0000000089e00000|100%| E|CS|TAMS 0x0000000089d00000, 0x0000000089d00000| Complete 

Card table byte_map: [0x0000017735850000,0x0000017735c50000] _byte_map_base: 0x0000017735441000

Marking Bits (Prev, Next): (CMBitMap*) 0x000001771e101ce8, (CMBitMap*) 0x000001771e101d20
 Prev Bits: [0x0000017736050000, 0x0000017737fd8000)
 Next Bits: [0x0000017737fe0000, 0x0000017739f68000)

Polling page: 0x000001771bf50000

Metaspace:

Usage:
  Non-class:     11.65 MB capacity,    11.41 MB ( 98%) used,   214.57 KB (  2%) free+waste,    30.69 KB ( <1%) overhead. 
      Class:      1.47 MB capacity,     1.33 MB ( 90%) used,   128.66 KB (  9%) free+waste,    15.13 KB (  1%) overhead. 
       Both:     13.11 MB capacity,    12.73 MB ( 97%) used,   343.23 KB (  3%) free+waste,    45.81 KB ( <1%) overhead. 

Virtual space:
  Non-class space:       12.00 MB reserved,      11.75 MB ( 98%) committed 
      Class space:        1.00 GB reserved,       1.50 MB ( <1%) committed 
             Both:        1.01 GB reserved,      13.25 MB (  1%) committed 

Chunk freelists:
   Non-Class:  5.13 KB
       Class:  256 bytes
        Both:  5.38 KB

CodeHeap 'non-profiled nmethods': size=238912Kb used=1548Kb max_used=1548Kb free=237363Kb
 bounds [0x0000017726b00000, 0x0000017726d70000, 0x0000017735450000]
CodeHeap 'non-nmethods': size=6848Kb used=1106Kb max_used=1106Kb free=5741Kb
 bounds [0x0000017726450000, 0x00000177266c0000, 0x0000017726b00000]
 total_blobs=1548 nmethods=1126 adapters=332
 compilation: enabled
              stopped_count=0, restarted_count=0
 full_count=0

Compilation events (10 events):
Event: 2.000 Thread 0x000001773cd4d000 1121       1       java.util.zip.InflaterInputStream::<init> (79 bytes)
Event: 2.000 Thread 0x000001773cd4d000 nmethod 1121 0x0000017726c81210 code [0x0000017726c81400, 0x0000017726c81a40]
Event: 2.000 Thread 0x000001773cd4d000 1122       1       java.util.zip.ZipFile$InflaterCleanupAction::<init> (15 bytes)
Event: 2.000 Thread 0x000001773cd4d000 nmethod 1122 0x0000017726c81b90 code [0x0000017726c81d40, 0x0000017726c81ef8]
Event: 2.000 Thread 0x000001773cd4d000 1123       1       java.util.zip.ZipUtils::LOCNAM (7 bytes)
Event: 2.000 Thread 0x000001773cd4d000 nmethod 1123 0x0000017726c81f90 code [0x0000017726c82120, 0x0000017726c82278]
Event: 2.000 Thread 0x000001773cd4d000 1124       1       java.util.zip.ZipUtils::LOCEXT (7 bytes)
Event: 2.000 Thread 0x000001773cd4d000 nmethod 1124 0x0000017726c82390 code [0x0000017726c82520, 0x0000017726c82678]
Event: 2.000 Thread 0x000001773cd4d000 1125       1       java.lang.String::<init> (55 bytes)
Event: 2.000 Thread 0x000001773cd4d000 nmethod 1125 0x0000017726c82790 code [0x0000017726c82960, 0x0000017726c82c10]

GC Heap History (4 events):
Event: 0.837 GC heap before
{Heap before GC invocations=0 (full 0):
 garbage-first heap   total 131072K, used 14336K [0x0000000081e00000, 0x0000000100000000)
  region size 1024K, 14 young (14336K), 0 survivors (0K)
 Metaspace       used 6087K, capacity 6174K, committed 6272K, reserved 1056768K
  class space    used 538K, capacity 567K, committed 640K, reserved 1048576K
}
Event: 0.844 GC heap after
{Heap after GC invocations=1 (full 0):
 garbage-first heap   total 131072K, used 11858K [0x0000000081e00000, 0x0000000100000000)
  region size 1024K, 2 young (2048K), 2 survivors (2048K)
 Metaspace       used 6087K, capacity 6174K, committed 6272K, reserved 1056768K
  class space    used 538K, capacity 567K, committed 640K, reserved 1048576K
}
Event: 0.888 GC heap before
{Heap before GC invocations=1 (full 0):
 garbage-first heap   total 131072K, used 19026K [0x0000000081e00000, 0x0000000100000000)
  region size 1024K, 10 young (10240K), 2 survivors (2048K)
 Metaspace       used 6087K, capacity 6174K, committed 6272K, reserved 1056768K
  class space    used 538K, capacity 567K, committed 640K, reserved 1048576K
}
Event: 0.893 GC heap after
{Heap after GC invocations=2 (full 0):
 garbage-first heap   total 131072K, used 19616K [0x0000000081e00000, 0x0000000100000000)
  region size 1024K, 2 young (2048K), 2 survivors (2048K)
 Metaspace       used 6087K, capacity 6174K, committed 6272K, reserved 1056768K
  class space    used 538K, capacity 567K, committed 640K, reserved 1048576K
}

Deoptimization events (0 events):
No events

Classes redefined (0 events):
No events

Internal exceptions (10 events):
Event: 1.364 Thread 0x000001771e0c4800 Exception <a 'java/lang/NoSuchMethodError'{0x00000000899e0270}: java.lang.invoke.DirectMethodHandle$Holder.invokeSpecialIFC(Ljava/lang/Object;Ljava/lang/Object;Ljava/lang/Object;)I> (0x00000000899e0270) thrown at [./open/src/hotspot/share/interpreter/link
Event: 1.391 Thread 0x000001771e0c4800 Exception <a 'java/lang/NoSuchMethodError'{0x0000000089849880}: java.lang.invoke.DirectMethodHandle$Holder.invokeStatic(Ljava/lang/Object;IIII)Ljava/lang/Object;> (0x0000000089849880) thrown at [./open/src/hotspot/share/interpreter/linkResolver.cpp, line 
Event: 1.391 Thread 0x000001771e0c4800 Exception <a 'java/lang/NoSuchMethodError'{0x000000008984cbd8}: java.lang.invoke.DirectMethodHandle$Holder.invokeStaticInit(Ljava/lang/Object;IIII)Ljava/lang/Object;> (0x000000008984cbd8) thrown at [./open/src/hotspot/share/interpreter/linkResolver.cpp, l
Event: 1.914 Thread 0x000001771e0c4800 Exception <a 'java/lang/NoSuchMethodError'{0x0000000089718778}: java.lang.invoke.DirectMethodHandle$Holder.invokeStatic(Ljava/lang/Object;Ljava/lang/Object;IIII)Ljava/lang/Object;> (0x0000000089718778) thrown at [./open/src/hotspot/share/interpreter/linkR
Event: 1.914 Thread 0x000001771e0c4800 Exception <a 'java/lang/NoSuchMethodError'{0x000000008971bac0}: java.lang.invoke.DirectMethodHandle$Holder.invokeStaticInit(Ljava/lang/Object;Ljava/lang/Object;IIII)Ljava/lang/Object;> (0x000000008971bac0) thrown at [./open/src/hotspot/share/interpreter/l
Event: 1.922 Thread 0x000001771e0c4800 Exception <a 'java/lang/ClassNotFoundException'{0x0000000089739020}: javax/management/remote/rmi/RMIServerImpl_Skel> (0x0000000089739020) thrown at [./open/src/hotspot/share/classfile/systemDictionary.cpp, line 228]
Event: 1.953 Thread 0x000001771e0c4800 Exception <a 'java/lang/ClassNotFoundException'{0x000000008960ec20}: jdk/internal/agent/resources/spi/agentProvider> (0x000000008960ec20) thrown at [./open/src/hotspot/share/classfile/systemDictionary.cpp, line 228]
Event: 1.959 Thread 0x000001771e0c4800 Exception <a 'java/lang/NoSuchMethodError'{0x00000000896644e0}: java.lang.invoke.DirectMethodHandle$Holder.invokeStatic(Ljava/lang/Object;Ljava/lang/Object;Ljava/lang/Object;Ljava/lang/Object;Ljava/lang/Object;Ljava/lang/Object;Ljava/lang/Object;Ljava/lan
Event: 1.959 Thread 0x000001771e0c4800 Exception <a 'java/lang/NoSuchMethodError'{0x0000000089670d00}: java.lang.invoke.DirectMethodHandle$Holder.invokeStatic(Ljava/lang/Object;Ljava/lang/Object;Ljava/lang/Object;Ljava/lang/Object;Ljava/lang/Object;Ljava/lang/Object;Ljava/lang/Object;Ljava/lan
Event: 1.961 Thread 0x000001771e0c4800 Exception <a 'java/lang/NoSuchMethodError'{0x000000008968a7d8}: java.lang.invoke.DelegatingMethodHandle$Holder.reinvoke_L(Ljava/lang/Object;ILjava/lang/Object;)Ljava/lang/Object;> (0x000000008968a7d8) thrown at [./open/src/hotspot/share/interpreter/linkRe

Events (10 events):
Event: 2.014 loading class ch/qos/logback/core/spi/AppenderAttachable
Event: 2.014 loading class ch/qos/logback/core/spi/AppenderAttachable done
Event: 2.015 loading class ch/qos/logback/classic/Level
Event: 2.015 loading class ch/qos/logback/classic/Level done
Event: 2.016 loading class ch/qos/logback/classic/util/ContextSelectorStaticBinder
Event: 2.016 loading class ch/qos/logback/classic/util/ContextSelectorStaticBinder done
Event: 2.016 loading class ch/qos/logback/classic/util/ContextInitializer
Event: 2.016 loading class ch/qos/logback/classic/util/ContextInitializer done
Event: 2.017 loading class ch/qos/logback/core/util/StatusListenerConfigHelper
Event: 2.017 loading class ch/qos/logback/core/util/StatusListenerConfigHelper done


Dynamic libraries:
0x00007ff788100000 - 0x00007ff788147000 	C:\Program Files\Java\jdk-11.0.7\bin\javaw.exe
0x00007ff9d6f10000 - 0x00007ff9d7105000 	C:\WINDOWS\SYSTEM32\ntdll.dll
0x00007ff9d6de0000 - 0x00007ff9d6e9d000 	C:\WINDOWS\System32\KERNEL32.DLL
0x00007ff9d47b0000 - 0x00007ff9d4a78000 	C:\WINDOWS\System32\KERNELBASE.dll
0x00007ff9d1f90000 - 0x00007ff9d2020000 	C:\WINDOWS\SYSTEM32\apphelp.dll
0x00007ff9486d0000 - 0x00007ff948b64000 	C:\WINDOWS\SYSTEM32\AcLayers.DLL
0x00007ff9d50e0000 - 0x00007ff9d517e000 	C:\WINDOWS\System32\msvcrt.dll
0x00007ff9d4f40000 - 0x00007ff9d50e0000 	C:\WINDOWS\System32\USER32.dll
0x00007ff9d4a80000 - 0x00007ff9d4aa2000 	C:\WINDOWS\System32\win32u.dll
0x00007ff9d5c00000 - 0x00007ff9d5c2a000 	C:\WINDOWS\System32\GDI32.dll
0x00007ff9d4620000 - 0x00007ff9d472b000 	C:\WINDOWS\System32\gdi32full.dll
0x00007ff9d4ae0000 - 0x00007ff9d4b7d000 	C:\WINDOWS\System32\msvcp_win.dll
0x00007ff9d4df0000 - 0x00007ff9d4ef0000 	C:\WINDOWS\System32\ucrtbase.dll
0x00007ff9d5180000 - 0x00007ff9d51d5000 	C:\WINDOWS\System32\SHLWAPI.dll
0x00007ff9d5b50000 - 0x00007ff9d5bfc000 	C:\WINDOWS\System32\ADVAPI32.dll
0x00007ff9d5c30000 - 0x00007ff9d5ccb000 	C:\WINDOWS\System32\sechost.dll
0x00007ff9d5a20000 - 0x00007ff9d5b4b000 	C:\WINDOWS\System32\RPCRT4.dll
0x000001771bd30000 - 0x000001771bd33000 	C:\WINDOWS\SYSTEM32\sfc.dll
0x00007ff9c4150000 - 0x00007ff9c41de000 	C:\WINDOWS\SYSTEM32\WINSPOOL.DRV
0x00007ff9c4110000 - 0x00007ff9c4122000 	C:\WINDOWS\SYSTEM32\sfc_os.DLL
0x00007ff9d60e0000 - 0x00007ff9d6110000 	C:\WINDOWS\System32\IMM32.DLL
0x00007ff9c8620000 - 0x00007ff9c88ba000 	C:\WINDOWS\WinSxS\amd64_microsoft.windows.common-controls_6595b64144ccf1df_6.0.19041.844_none_ca00b6081b84eb1d\COMCTL32.dll
0x00007ff9ce400000 - 0x00007ff9ce40a000 	C:\WINDOWS\SYSTEM32\VERSION.dll
0x00007ff9a2380000 - 0x00007ff9a249a000 	C:\Program Files\Diebold\Warsaw\wslbscr64.dll
0x00007ff9d51e0000 - 0x00007ff9d5922000 	C:\WINDOWS\System32\SHELL32.dll
0x00007ff9d3360000 - 0x00007ff9d3393000 	C:\WINDOWS\SYSTEM32\ntmarta.dll
0x00007ff9a2bd0000 - 0x00007ff9a2cbf000 	C:\Program Files\Diebold\Warsaw\wslbscrwh64.dll
0x00007ff9cf2b0000 - 0x00007ff9cf2c6000 	C:\Program Files\Java\jdk-11.0.7\bin\vcruntime140.dll
0x00007ff9c61a0000 - 0x00007ff9c624a000 	C:\Program Files\Java\jdk-11.0.7\bin\msvcp140.dll
0x00007ff94de70000 - 0x00007ff94e9d1000 	C:\Program Files\Java\jdk-11.0.7\bin\server\jvm.dll
0x00007ff9d6a70000 - 0x00007ff9d6a78000 	C:\WINDOWS\System32\PSAPI.DLL
0x00007ff9c4100000 - 0x00007ff9c4109000 	C:\WINDOWS\SYSTEM32\WSOCK32.dll
0x00007ff9d68d0000 - 0x00007ff9d693b000 	C:\WINDOWS\System32\WS2_32.dll
0x00007ff9c6530000 - 0x00007ff9c6557000 	C:\WINDOWS\SYSTEM32\WINMM.dll
0x00007ff9d24a0000 - 0x00007ff9d24b2000 	C:\WINDOWS\SYSTEM32\kernel.appcore.dll
0x00007ff9cf5d0000 - 0x00007ff9cf5e1000 	C:\Program Files\Java\jdk-11.0.7\bin\verify.dll
0x00007ff9cd960000 - 0x00007ff9cdb44000 	C:\WINDOWS\SYSTEM32\DBGHELP.DLL
0x00007ff9cd290000 - 0x00007ff9cd2bc000 	C:\WINDOWS\SYSTEM32\dbgcore.DLL
0x00007ff9d4730000 - 0x00007ff9d47b0000 	C:\WINDOWS\System32\bcryptPrimitives.dll
0x00007ff9cf5a0000 - 0x00007ff9cf5c9000 	C:\Program Files\Java\jdk-11.0.7\bin\java.dll
0x00007ff9d0450000 - 0x00007ff9d045a000 	C:\Program Files\Java\jdk-11.0.7\bin\jimage.dll
0x00007ff9cf580000 - 0x00007ff9cf596000 	C:\Program Files\Java\jdk-11.0.7\bin\zip.dll
0x00007ff9d2780000 - 0x00007ff9d2f11000 	C:\WINDOWS\SYSTEM32\windows.storage.dll
0x00007ff9d6a80000 - 0x00007ff9d6dd5000 	C:\WINDOWS\System32\combase.dll
0x00007ff9d4090000 - 0x00007ff9d40bc000 	C:\WINDOWS\SYSTEM32\Wldp.dll
0x00007ff9d69c0000 - 0x00007ff9d6a6e000 	C:\WINDOWS\System32\SHCORE.dll
0x00007ff9d4560000 - 0x00007ff9d457f000 	C:\WINDOWS\SYSTEM32\profapi.dll
0x00007ff9cf560000 - 0x00007ff9cf579000 	C:\Program Files\Java\jdk-11.0.7\bin\net.dll
0x00007ff9cd330000 - 0x00007ff9cd43b000 	C:\WINDOWS\SYSTEM32\WINHTTP.dll
0x00007ff9d3e00000 - 0x00007ff9d3e6a000 	C:\WINDOWS\system32\mswsock.dll
0x00007ff9cf540000 - 0x00007ff9cf553000 	C:\Program Files\Java\jdk-11.0.7\bin\nio.dll
0x00007ff9cf240000 - 0x00007ff9cf249000 	C:\Program Files\Java\jdk-11.0.7\bin\management.dll
0x00007ff9cf230000 - 0x00007ff9cf23c000 	C:\Program Files\Java\jdk-11.0.7\bin\management_ext.dll
0x00007ff9c30b0000 - 0x00007ff9c30c7000 	C:\WINDOWS\system32\napinsp.dll
0x00007ff9bab90000 - 0x00007ff9babab000 	C:\WINDOWS\system32\pnrpnsp.dll
0x00007ff9c3720000 - 0x00007ff9c3735000 	C:\WINDOWS\system32\wshbth.dll
0x00007ff9cedb0000 - 0x00007ff9cedcd000 	C:\WINDOWS\system32\NLAapi.dll
0x00007ff9d3aa0000 - 0x00007ff9d3adb000 	C:\WINDOWS\SYSTEM32\IPHLPAPI.DLL
0x00007ff9d3af0000 - 0x00007ff9d3bbc000 	C:\WINDOWS\SYSTEM32\DNSAPI.dll
0x00007ff9d5930000 - 0x00007ff9d5938000 	C:\WINDOWS\System32\NSI.dll
0x00007ff9c3700000 - 0x00007ff9c3712000 	C:\WINDOWS\System32\winrnr.dll
0x00007ff9cb300000 - 0x00007ff9cb30a000 	C:\Windows\System32\rasadhlp.dll
0x00007ff9cad50000 - 0x00007ff9cadcf000 	C:\WINDOWS\System32\fwpuclnt.dll
0x000001771dfc0000 - 0x000001771dfe7000 	C:\WINDOWS\System32\bcrypt.dll
0x00007ff9d3fd0000 - 0x00007ff9d3fe8000 	C:\WINDOWS\SYSTEM32\CRYPTSP.dll
0x00007ff9d3730000 - 0x00007ff9d3764000 	C:\WINDOWS\system32\rsaenh.dll
0x00007ff9d44e0000 - 0x00007ff9d450e000 	C:\WINDOWS\SYSTEM32\USERENV.dll
0x00007ff9d3ff0000 - 0x00007ff9d3ffc000 	C:\WINDOWS\SYSTEM32\CRYPTBASE.dll
0x00007ff9ce430000 - 0x00007ff9ce447000 	C:\WINDOWS\SYSTEM32\dhcpcsvc6.DLL
0x00007ff9ce410000 - 0x00007ff9ce42d000 	C:\WINDOWS\SYSTEM32\dhcpcsvc.DLL

dbghelp: loaded successfully - version: 4.0.5 - missing functions: none
symbol engine: initialized successfully - sym options: 0x614 - pdb path: .;C:\Program Files\Java\jdk-11.0.7\bin;C:\WINDOWS\SYSTEM32;C:\WINDOWS\WinSxS\amd64_microsoft.windows.common-controls_6595b64144ccf1df_6.0.19041.844_none_ca00b6081b84eb1d;C:\Program Files\Diebold\Warsaw;C:\Program Files\Java\jdk-11.0.7\bin\server

VM Arguments:
jvm_args: -Dcom.sun.management.jmxremote -Dcom.sun.management.jmxremote.port=53409 -Dcom.sun.management.jmxremote.authenticate=false -Dcom.sun.management.jmxremote.ssl=false -Djava.rmi.server.hostname=localhost -Dspring.jmx.enabled=true -Dspring.application.admin.enabled=true -Xverify:none -XX:TieredStopAtLevel=1 -Dspring.boot.project.name=CursoSpring -Dfile.encoding=UTF-8 
java_command: com.mendes.cursospring.CursoSpringApplication --spring.output.ansi.enabled=always
java_class_path (initial): C:\Trabalho\workspaces\CursoSpring\target\classes;C:\Users\thiag\.m2\repository\org\springframework\boot\spring-boot-starter-web\2.4.4\spring-boot-starter-web-2.4.4.jar;C:\Users\thiag\.m2\repository\org\springframework\boot\spring-boot-starter\2.4.4\spring-boot-starter-2.4.4.jar;C:\Users\thiag\.m2\repository\org\springframework\boot\spring-boot-starter-logging\2.4.4\spring-boot-starter-logging-2.4.4.jar;C:\Users\thiag\.m2\repository\ch\qos\logback\logback-classic\1.2.3\logback-classic-1.2.3.jar;C:\Users\thiag\.m2\repository\ch\qos\logback\logback-core\1.2.3\logback-core-1.2.3.jar;C:\Users\thiag\.m2\repository\org\apache\logging\log4j\log4j-to-slf4j\2.13.3\log4j-to-slf4j-2.13.3.jar;C:\Users\thiag\.m2\repository\org\apache\logging\log4j\log4j-api\2.13.3\log4j-api-2.13.3.jar;C:\Users\thiag\.m2\repository\org\slf4j\jul-to-slf4j\1.7.30\jul-to-slf4j-1.7.30.jar;C:\Users\thiag\.m2\repository\jakarta\annotation\jakarta.annotation-api\1.3.5\jakarta.annotation-api-1.3.5.jar;C:\Users\thiag\.m2\repository\org\yaml\snakeyaml\1.27\snakeyaml-1.27.jar;C:\Users\thiag\.m2\repository\org\springframework\boot\spring-boot-starter-json\2.4.4\spring-boot-starter-json-2.4.4.jar;C:\Users\thiag\.m2\repository\com\fasterxml\jackson\datatype\jackson-datatype-jdk8\2.11.4\jackson-datatype-jdk8-2.11.4.jar;C:\Users\thiag\.m2\repository\com\fasterxml\jackson\datatype\jackson-datatype-jsr310\2.11.4\jackson-datatype-jsr310-2.11.4.jar;C:\Users\thiag\.m2\repository\com\fasterxml\jackson\module\jackson-module-parameter-names\2.11.4\jackson-module-parameter-names-2.11.4.jar;C:\Users\thiag\.m2\repository\org\springframework\boot\spring-boot-starter-tomcat\2.4.4\spring-boot-starter-tomcat-2.4.4.jar;C:\Users\thiag\.m2\repository\org\apache\tomcat\embed\tomcat-embed-core\9.0.44\tomcat-embed-core-9.0.44.jar;C:\Users\thiag\.m2\repository\org\glassfish\jakarta.el\3.0.3\jakarta.el-3.0.3.jar;C:\Users\thiag\.m2\repository\org\apache\tomcat\embed\tomcat-embed-websocket\9.0.44\tomcat-embe
Launcher Type: SUN_STANDARD

[Global flags]
     bool BytecodeVerificationLocal                = false                                     {product} {command line}
     bool BytecodeVerificationRemote               = false                                     {product} {command line}
     intx CICompilerCount                          = 3                                         {product} {ergonomic}
     uint ConcGCThreads                            = 1                                         {product} {ergonomic}
     uint G1ConcRefinementThreads                  = 4                                         {product} {ergonomic}
   size_t G1HeapRegionSize                         = 1048576                                   {product} {ergonomic}
    uintx GCDrainStackTargetSize                   = 64                                        {product} {ergonomic}
   size_t InitialHeapSize                          = 134217728                                 {product} {ergonomic}
     bool ManagementServer                         = true                                      {product} {command line}
   size_t MarkStackSize                            = 4194304                                   {product} {ergonomic}
   size_t MaxHeapSize                              = 2116026368                                {product} {ergonomic}
   size_t MaxNewSize                               = 1268776960                                {product} {ergonomic}
   size_t MinHeapDeltaBytes                        = 1048576                                   {product} {ergonomic}
    uintx NonNMethodCodeHeapSize                   = 6973028                                {pd product} {ergonomic}
    uintx NonProfiledCodeHeapSize                  = 244685212                              {pd product} {ergonomic}
    uintx ProfiledCodeHeapSize                     = 0                                      {pd product} {ergonomic}
    uintx ReservedCodeCacheSize                    = 251658240                              {pd product} {ergonomic}
     bool SegmentedCodeCache                       = true                                      {product} {ergonomic}
     intx TieredStopAtLevel                        = 1                                         {product} {command line}
     bool UseCompressedClassPointers               = true                                 {lp64_product} {ergonomic}
     bool UseCompressedOops                        = true                                 {lp64_product} {ergonomic}
     bool UseG1GC                                  = true                                      {product} {ergonomic}
     bool UseLargePagesIndividualAllocation        = false                                  {pd product} {ergonomic}

Logging:
Log output configuration:
 #0: stdout all=warning uptime,level,tags
 #1: stderr all=off uptime,level,tags

Environment Variables:
JAVA_HOME=C:\Program Files\Java\jdk-11.0.7
CLASSPATH=C:\Program Files\Java\jdk-11.0.7\lib
PATH=C:/Program Files/Java/jdk-11.0.7/bin/server;C:/Program Files/Java/jdk-11.0.7/bin;C:\WINDOWS\system32;C:\WINDOWS;C:\WINDOWS\System32\Wbem;C:\WINDOWS\System32\WindowsPowerShell\v1.0\;C:\WINDOWS\System32\OpenSSH\;C:\Program Files\NVIDIA Corporation\NVIDIA NvDLISR;C:\Program Files (x86)\NVIDIA Corporation\PhysX\Common;C:\WINDOWS\system32;C:\WINDOWS;C:\WINDOWS\System32\Wbem;C:\WINDOWS\System32\WindowsPowerShell\v1.0\;C:\WINDOWS\System32\OpenSSH\;C:\Program Files (x86)\Microsoft SQL Server\150\DTS\Binn\;C:\Program Files\Microsoft SQL Server\Client SDK\ODBC\130\Tools\Binn\;C:\Program Files (x86)\Microsoft SQL Server\140\Tools\Binn\;C:\Program Files\Microsoft SQL Server\140\Tools\Binn\;C:\Program Files\Microsoft SQL Server\140\DTS\Binn\;C:\Program Files\Microsoft SQL Server\130\Tools\Binn\;C:\Program Files\Microsoft SQL Server\Client SDK\ODBC\170\Tools\Binn\;C:\Program Files\Java\jdk-11.0.7\bin;C:\Program Files\Git\cmd;C:\Program Files\Java\jdk-11.0.7;C:\Program Files\Java\jdk-11.0.7\lib;C:\Program Files\MongoDB\Server\4.2\bin;C:\Program Files\dotnet\;C:\Program Files\nodejs\;D:\apache-maven-3.6.3\bin;C:\Program Files (x86)\Common Files\Oracle\Java\javapath;D:\apache-jmeter-5.3\bin;C:\xampp\mysql\bin;C:\Users\thiag\AppData\Local\Microsoft\WindowsApps;C:\Users\thiag\.dotnet\tools;C:\Users\thiag\AppData\Local\Microsoft\WindowsApps;C:\Users\thiag\AppData\Roaming\npm;C:\Users\thiag\AppData\Local\Programs\Microsoft VS Code\bin;C:\Program Files\heroku\bin;C:\eclipse\sts-4.6.0.RELEASE;
USERNAME=thiag
OS=Windows_NT
PROCESSOR_IDENTIFIER=Intel64 Family 6 Model 60 Stepping 3, GenuineIntel



---------------  S Y S T E M  ---------------

OS: Windows 10 , 64 bit Build 19041 (10.0.19041.928)

CPU:total 4 (initial active 4) (4 cores per cpu, 1 threads per core) family 6 model 60 stepping 3, cmov, cx8, fxsr, mmx, sse, sse2, sse3, ssse3, sse4.1, sse4.2, popcnt, avx, avx2, aes, clmul, erms, lzcnt, tsc, tscinvbit, bmi1, bmi2, fma

Memory: 4k page, system-wide physical 8068M (525M free)
TotalPageFile size 18308M (AvailPageFile size 6530M)
current process WorkingSet (physical memory assigned to process): 87M, peak: 87M
current process commit charge ("private bytes"): 225M, peak: 225M

vm_info: Java HotSpot(TM) 64-Bit Server VM (11.0.7+8-LTS) for windows-amd64 JRE (11.0.7+8-LTS), built on Mar 12 2020 02:04:32 by "mach5one" with MS VC++ 15.5 (VS2017)

END.
